PRT1
244
770
4 0 9 (2048 3072 64 ) (2048 3072 1911 ) (2048 3520 1911 ) (2048 3520 64 ) 
4 0 8 (2048 3520 1911 ) (2048 3768 1911 ) (2048 3768 64 ) (2048 3520 64 ) 
4 0 5 (2624 3072 1911 ) (2048 3072 1911 ) (2048 3072 64 ) (2624 3072 64 ) 
4 0 4 (3024 3072 64 ) (3024 3072 1911 ) (2624 3072 1911 ) (2624 3072 64 ) 
4 0 2 (2048 3520 64 ) (2048 3768 64 ) (2624 3768 64 ) (2624 3520 64 ) 
4 0 1 (2624 3768 64 ) (3024 3768 64 ) (3024 3072 64 ) (2624 3072 64 ) 
4 1 4 (3024 3072 0 ) (3024 3072 64 ) (2624 3072 64 ) (2624 3072 0 ) 
4 1 3 (2624 3768 0 ) (3024 3768 0 ) (3024 3072 0 ) (2624 3072 0 ) 
4 1 2 (2624 3520 64 ) (2624 3768 64 ) (2624 3768 0 ) (2624 3520 0 ) 
4 2 8 (2048 3520 64 ) (2048 3768 64 ) (2048 3768 0 ) (2048 3520 0 ) 
4 2 3 (2048 3520 0 ) (2048 3768 0 ) (2624 3768 0 ) (2624 3520 0 ) 
4 3 10 (2048 3072 -160 ) (2048 3072 0 ) (2048 3520 0 ) (2048 3520 -160 ) 
4 3 8 (2048 3520 0 ) (2048 3768 0 ) (2048 3768 -160 ) (2048 3520 -160 ) 
4 3 7 (3024 3072 -160 ) (3024 3072 0 ) (2048 3072 0 ) (2048 3072 -160 ) 
4 4 26 (3024 2048 0 ) (3024 2048 1911 ) (2624 2048 1911 ) (2624 2048 0 ) 
4 4 7 (2624 3072 0 ) (3024 3072 0 ) (3024 2048 0 ) (2624 2048 0 ) 
4 4 5 (2624 2816 64 ) (2624 2816 1911 ) (2624 3072 1911 ) (2624 3072 64 ) 
4 4 6 (2624 2816 0 ) (2624 2048 0 ) (2624 2048 1911 ) (2624 2816 1911 ) 
4 5 13 (2048 2816 1911 ) (2048 3072 1911 ) (2048 3072 64 ) (2048 2816 64 ) 
4 5 6 (2624 2816 64 ) (2624 2816 1911 ) (2048 2816 1911 ) (2048 2816 64 ) 
4 6 26 (2624 2048 1911 ) (2048 2048 1911 ) (2048 2048 0 ) (2624 2048 0 ) 
4 6 15 (2048 2048 0 ) (2048 2048 64 ) (2048 2816 64 ) (2048 2816 0 ) 
4 6 13 (2048 2048 64 ) (2048 2048 1911 ) (2048 2816 1911 ) (2048 2816 64 ) 
4 6 7 (2048 2048 0 ) (2048 2816 0 ) (2624 2816 0 ) (2624 2048 0 ) 
4 7 26 (3024 2048 -160 ) (3024 2048 0 ) (2048 2048 0 ) (2048 2048 -160 ) 
4 7 14 (2048 2816 0 ) (2048 3072 0 ) (2048 3072 -160 ) (2048 2816 -160 ) 
4 7 15 (2048 2048 -160 ) (2048 2048 0 ) (2048 2816 0 ) (2048 2816 -160 ) 
4 8 12 (1024 3768 -160 ) (1024 3520 -160 ) (1024 3520 1911 ) (1024 3768 1911 ) 
4 8 9 (2048 3520 64 ) (2048 3520 1911 ) (1856 3520 1911 ) (1856 3520 64 ) 
4 8 10 (1856 3520 -160 ) (2048 3520 -160 ) (2048 3520 0 ) (1856 3520 0 ) 
4 8 11 (1024 3520 1911 ) (1024 3520 -160 ) (1856 3520 -160 ) (1856 3520 1911 ) 
4 9 13 (2048 3072 64 ) (2048 3072 1911 ) (1856 3072 1911 ) (1856 3072 64 ) 
4 9 11 (1856 3072 1911 ) (1856 3520 1911 ) (1856 3520 64 ) (1856 3072 64 ) 
4 10 14 (2048 3072 -160 ) (2048 3072 0 ) (1856 3072 0 ) (1856 3072 -160 ) 
4 10 11 (1856 3520 0 ) (1856 3520 -160 ) (1856 3072 -160 ) (1856 3072 0 ) 
4 11 16 (1024 3072 64 ) (1024 3072 -160 ) (1856 3072 -160 ) (1856 3072 64 ) 
4 11 13 (1856 3072 1911 ) (1024 3072 1911 ) (1024 3072 64 ) (1856 3072 64 ) 
4 11 12 (1024 3520 -160 ) (1024 3072 -160 ) (1024 3072 1911 ) (1024 3520 1911 ) 
4 12 21 (0 3072 -160 ) (0 3072 1911 ) (0 3768 1911 ) (0 3768 -160 ) 
4 12 19 (0 3072 64 ) (0 3072 -160 ) (128 3072 -160 ) (128 3072 64 ) 
4 12 18 (128 3072 -160 ) (1024 3072 -160 ) (1024 3072 64 ) (128 3072 64 ) 
4 12 17 (0 3072 1911 ) (0 3072 64 ) (1024 3072 64 ) (1024 3072 1911 ) 
4 13 29 (2048 2048 64 ) (2048 2048 1911 ) (1024 2048 1911 ) (1024 2048 64 ) 
4 13 17 (1024 3072 1911 ) (1024 3072 64 ) (1024 2048 64 ) (1024 2048 1911 ) 
4 13 15 (2048 2048 64 ) (1856 2048 64 ) (1856 2816 64 ) (2048 2816 64 ) 
4 13 16 (1856 2048 64 ) (1024 2048 64 ) (1024 3072 64 ) (1856 3072 64 ) 
4 14 15 (1856 2816 0 ) (1856 2816 -160 ) (2048 2816 -160 ) (2048 2816 0 ) 
4 14 16 (1856 3072 -160 ) (1856 2816 -160 ) (1856 2816 0 ) (1856 3072 0 ) 
4 15 30 (2048 2048 -160 ) (2048 2048 64 ) (1856 2048 64 ) (1856 2048 -160 ) 
4 15 16 (1856 2816 -160 ) (1856 2048 -160 ) (1856 2048 64 ) (1856 2816 64 ) 
4 16 31 (1088 2048 64 ) (1024 2048 64 ) (1024 2048 -160 ) (1088 2048 -160 ) 
4 16 30 (1856 2048 64 ) (1088 2048 64 ) (1088 2048 -160 ) (1856 2048 -160 ) 
4 16 18 (1024 3072 64 ) (1024 3072 -160 ) (1024 2048 -160 ) (1024 2048 64 ) 
4 17 85 (128 2048 224 ) (112 2048 224 ) (112 2048 64 ) (128 2048 64 ) 
4 17 87 (112 2048 224 ) (0 2048 224 ) (0 2048 64 ) (112 2048 64 ) 
4 17 74 (656 2048 224 ) (128 2048 224 ) (128 2048 64 ) (656 2048 64 ) 
4 17 68 (672 2048 224 ) (656 2048 224 ) (656 2048 64 ) (672 2048 64 ) 
4 17 65 (912 2048 224 ) (672 2048 224 ) (672 2048 64 ) (912 2048 64 ) 
4 17 63 (1024 2048 64 ) (1024 2048 224 ) (912 2048 224 ) (912 2048 64 ) 
4 17 55 (192 2048 384 ) (176 2048 384 ) (176 2048 224 ) (192 2048 224 ) 
4 17 56 (176 2048 384 ) (0 2048 384 ) (0 2048 224 ) (176 2048 224 ) 
4 17 44 (640 2048 384 ) (192 2048 384 ) (192 2048 224 ) (640 2048 224 ) 
4 17 41 (656 2048 232 ) (640 2048 232 ) (640 2048 224 ) (656 2048 224 ) 
4 17 40 (1024 2048 224 ) (1024 2048 232 ) (656 2048 232 ) (656 2048 224 ) 
4 17 38 (656 2048 384 ) (640 2048 384 ) (640 2048 232 ) (656 2048 232 ) 
4 17 37 (1024 2048 232 ) (1024 2048 384 ) (656 2048 384 ) (656 2048 232 ) 
4 17 33 (1024 2048 384 ) (1024 2048 1911 ) (0 2048 1911 ) (0 2048 384 ) 
4 17 23 (0 2048 64 ) (0 2048 1911 ) (0 2608 1911 ) (0 2608 64 ) 
4 17 22 (0 2608 1911 ) (0 3072 1911 ) (0 3072 64 ) (0 2608 64 ) 
4 17 19 (0 2608 64 ) (0 3072 64 ) (128 3072 64 ) (128 2608 64 ) 
4 17 18 (1024 2048 64 ) (128 2048 64 ) (128 3072 64 ) (1024 3072 64 ) 
4 18 107 (656 2048 16 ) (176 2048 16 ) (176 2048 -160 ) (656 2048 -160 ) 
4 18 106 (1024 2048 -160 ) (1024 2048 16 ) (656 2048 16 ) (656 2048 -160 ) 
4 18 110 (176 2048 16 ) (128 2048 16 ) (128 2048 -160 ) (176 2048 -160 ) 
4 18 103 (192 2048 32 ) (176 2048 32 ) (176 2048 16 ) (192 2048 16 ) 
4 18 93 (656 2048 32 ) (192 2048 32 ) (192 2048 16 ) (656 2048 16 ) 
4 18 105 (176 2048 32 ) (128 2048 32 ) (128 2048 16 ) (176 2048 16 ) 
4 18 90 (912 2048 32 ) (672 2048 32 ) (672 2048 16 ) (912 2048 16 ) 
4 18 92 (672 2048 32 ) (656 2048 32 ) (656 2048 16 ) (672 2048 16 ) 
4 18 89 (1024 2048 16 ) (1024 2048 32 ) (912 2048 32 ) (912 2048 16 ) 
4 18 74 (656 2048 64 ) (128 2048 64 ) (128 2048 32 ) (656 2048 32 ) 
4 18 68 (672 2048 64 ) (656 2048 64 ) (656 2048 32 ) (672 2048 32 ) 
4 18 65 (912 2048 64 ) (672 2048 64 ) (672 2048 32 ) (912 2048 32 ) 
4 18 63 (1024 2048 32 ) (1024 2048 64 ) (912 2048 64 ) (912 2048 32 ) 
4 18 20 (128 2608 -160 ) (128 2048 -160 ) (128 2048 48 ) (128 2608 48 ) 
4 18 19 (128 3072 -160 ) (128 2608 -160 ) (128 2608 64 ) (128 3072 64 ) 
4 19 22 (0 2608 64 ) (0 3072 64 ) (0 3072 -160 ) (0 2608 -160 ) 
4 19 20 (0 2608 -160 ) (128 2608 -160 ) (128 2608 48 ) (0 2608 48 ) 
4 20 110 (0 2048 16 ) (0 2048 -160 ) (128 2048 -160 ) (128 2048 16 ) 
4 20 105 (0 2048 32 ) (0 2048 16 ) (128 2048 16 ) (128 2048 32 ) 
4 20 88 (0 2048 48 ) (0 2048 32 ) (128 2048 32 ) (128 2048 48 ) 
4 20 24 (0 2048 -160 ) (0 2048 48 ) (0 2608 48 ) (0 2608 -160 ) 
4 21 25 (-128 3072 1911 ) (-808 3072 1911 ) (-808 3072 -160 ) (-128 3072 -160 ) 
4 21 22 (0 3072 -160 ) (0 3072 1911 ) (-128 3072 1911 ) (-128 3072 -160 ) 
4 22 25 (-128 3072 1911 ) (-128 3072 -160 ) (-128 2608 -160 ) (-128 2608 1911 ) 
4 22 23 (0 2608 1911 ) (-128 2608 1911 ) (-128 2608 64 ) (0 2608 64 ) 
4 22 24 (-128 2608 48 ) (-128 2608 -160 ) (0 2608 -160 ) (0 2608 48 ) 
4 23 144 (0 2048 64 ) (0 2048 128 ) (-128 2048 128 ) (-128 2048 64 ) 
4 23 138 (-48 2048 1911 ) (-112 2048 1911 ) (-112 2048 128 ) (-48 2048 128 ) 
4 23 137 (0 2048 128 ) (0 2048 1911 ) (-48 2048 1911 ) (-48 2048 128 ) 
4 23 140 (-112 2048 1911 ) (-128 2048 1911 ) (-128 2048 128 ) (-112 2048 128 ) 
4 23 25 (-128 2048 64 ) (-128 2048 1911 ) (-128 2608 1911 ) (-128 2608 64 ) 
4 24 152 (0 2048 -160 ) (0 2048 48 ) (-128 2048 48 ) (-128 2048 -160 ) 
4 24 25 (-128 2608 -160 ) (-128 2048 -160 ) (-128 2048 48 ) (-128 2608 48 ) 
4 25 185 (-808 2048 224 ) (-808 2048 -160 ) (-688 2048 -160 ) (-688 2048 224 ) 
4 25 181 (-688 2048 -160 ) (-512 2048 -160 ) (-512 2048 224 ) (-688 2048 224 ) 
4 25 180 (-808 2048 1911 ) (-808 2048 224 ) (-688 2048 224 ) (-688 2048 1911 ) 
4 25 178 (-688 2048 224 ) (-528 2048 224 ) (-528 2048 1911 ) (-688 2048 1911 ) 
4 25 177 (-528 2048 224 ) (-512 2048 224 ) (-512 2048 240 ) (-528 2048 240 ) 
4 25 176 (-512 2048 240 ) (-512 2048 1911 ) (-528 2048 1911 ) (-528 2048 240 ) 
4 25 165 (-512 2048 -160 ) (-128 2048 -160 ) (-128 2048 48 ) (-512 2048 48 ) 
4 25 159 (-128 2048 48 ) (-128 2048 224 ) (-512 2048 224 ) (-512 2048 48 ) 
4 25 156 (-128 2048 224 ) (-128 2048 240 ) (-512 2048 240 ) (-512 2048 224 ) 
4 25 154 (-128 2048 240 ) (-128 2048 320 ) (-136 2048 320 ) (-136 2048 240 ) 
4 25 155 (-136 2048 320 ) (-512 2048 320 ) (-512 2048 240 ) (-136 2048 240 ) 
4 25 153 (-128 2048 320 ) (-128 2048 1911 ) (-512 2048 1911 ) (-512 2048 320 ) 
4 26 30 (2048 2048 64 ) (2048 2048 -160 ) (2048 1024 -160 ) (2048 1024 64 ) 
4 26 29 (2048 2048 1911 ) (2048 2048 64 ) (2048 1024 64 ) (2048 1024 1911 ) 
4 26 27 (3024 1024 -160 ) (3024 1024 1911 ) (2048 1024 1911 ) (2048 1024 -160 ) 
4 27 114 (2048 0 -160 ) (2048 0 64 ) (2048 640 64 ) (2048 640 -160 ) 
4 27 112 (2048 640 64 ) (2048 1024 64 ) (2048 1024 -160 ) (2048 640 -160 ) 
4 27 111 (2048 0 64 ) (2048 0 1911 ) (2048 1024 1911 ) (2048 1024 64 ) 
4 27 28 (3024 0 -160 ) (3024 0 1911 ) (2048 0 1911 ) (2048 0 -160 ) 
4 28 211 (2048 -760 1911 ) (2048 0 1911 ) (2048 0 -160 ) (2048 -760 -160 ) 
4 29 111 (2048 1024 64 ) (2048 1024 1911 ) (1024 1024 1911 ) (1024 1024 64 ) 
4 29 64 (1024 1728 64 ) (1024 1024 64 ) (1024 1024 224 ) (1024 1728 224 ) 
4 29 63 (1024 2048 224 ) (1024 2048 64 ) (1024 1728 64 ) (1024 1728 224 ) 
4 29 40 (1024 2048 232 ) (1024 2048 224 ) (1024 1024 224 ) (1024 1024 232 ) 
4 29 37 (1024 2048 384 ) (1024 2048 232 ) (1024 1024 232 ) (1024 1024 384 ) 
4 29 35 (1024 1680 384 ) (1024 1072 384 ) (1024 1072 816 ) (1024 1680 816 ) 
4 29 34 (1024 1072 816 ) (1024 1072 1911 ) (1024 1680 1911 ) (1024 1680 816 ) 
4 29 33 (1024 2048 1911 ) (1024 2048 384 ) (1024 1680 384 ) (1024 1680 1911 ) 
4 29 36 (1024 1072 384 ) (1024 1024 384 ) (1024 1024 1911 ) (1024 1072 1911 ) 
4 29 31 (1024 1728 64 ) (1024 2048 64 ) (1088 2048 64 ) (1088 1728 64 ) 
4 29 30 (1088 2048 64 ) (2048 2048 64 ) (2048 1024 64 ) (1088 1024 64 ) 
4 30 112 (2048 1024 -160 ) (2048 1024 64 ) (1088 1024 64 ) (1088 1024 -160 ) 
4 30 32 (1088 1728 -160 ) (1088 1024 -160 ) (1088 1024 16 ) (1088 1728 16 ) 
4 30 31 (1088 2048 -160 ) (1088 1728 -160 ) (1088 1728 64 ) (1088 2048 64 ) 
4 31 106 (1024 2048 16 ) (1024 2048 -160 ) (1024 1728 -160 ) (1024 1728 16 ) 
4 31 89 (1024 2048 32 ) (1024 2048 16 ) (1024 1728 16 ) (1024 1728 32 ) 
4 31 63 (1024 2048 64 ) (1024 2048 32 ) (1024 1728 32 ) (1024 1728 64 ) 
4 31 32 (1024 1728 -160 ) (1088 1728 -160 ) (1088 1728 16 ) (1024 1728 16 ) 
4 32 113 (1024 1024 16 ) (1024 1024 -160 ) (1088 1024 -160 ) (1088 1024 16 ) 
4 32 106 (1024 1728 -160 ) (1024 1024 -160 ) (1024 1024 16 ) (1024 1728 16 ) 
4 33 137 (0 2048 1911 ) (0 2048 384 ) (0 1680 384 ) (0 1680 1911 ) 
4 33 55 (176 2048 384 ) (192 2048 384 ) (192 1680 384 ) (176 1680 384 ) 
4 33 56 (0 1680 384 ) (0 2048 384 ) (176 2048 384 ) (176 1680 384 ) 
4 33 44 (192 2048 384 ) (640 2048 384 ) (640 1680 384 ) (192 1680 384 ) 
4 33 38 (640 2048 384 ) (656 2048 384 ) (656 1680 384 ) (640 1680 384 ) 
4 33 37 (656 2048 384 ) (1024 2048 384 ) (1024 1680 384 ) (656 1680 384 ) 
4 33 35 (672 1680 384 ) (1024 1680 384 ) (1024 1680 816 ) (416 1680 512 ) 
5 33 34 (0 1680 384 ) (160 1680 384 ) (1024 1680 816 ) (1024 1680 1911 ) (0 1680 1911 ) 
4 34 141 (0 1296 384 ) (0 1136 384 ) (0 1136 1911 ) (0 1296 1911 ) 
4 34 143 (0 1136 384 ) (0 1072 384 ) (0 1072 1911 ) (0 1136 1911 ) 
4 34 137 (0 1680 384 ) (0 1296 384 ) (0 1296 1911 ) (0 1680 1911 ) 
4 34 62 (0 1072 384 ) (0 1104 384 ) (160 1104 384 ) (160 1072 384 ) 
4 34 60 (0 1104 384 ) (0 1136 384 ) (160 1136 384 ) (160 1104 384 ) 
4 34 59 (0 1136 384 ) (0 1296 384 ) (160 1296 384 ) (160 1136 384 ) 
4 34 57 (0 1296 384 ) (0 1648 384 ) (160 1648 384 ) (160 1296 384 ) 
4 34 56 (0 1648 384 ) (0 1680 384 ) (160 1680 384 ) (160 1648 384 ) 
4 34 35 (1024 1072 816 ) (416 1072 512 ) (416.001923 1680 512 ) (1024 1680 815.998047 ) 
5 34 36 (0 1072 384 ) (160 1072 384 ) (1024 1072 816 ) (1024 1072 1911 ) (0 1072 1911 ) 
4 35 37 (672 1680 384 ) (1024 1680 384 ) (1024 1072 384 ) (672 1072 384 ) 
4 35 36 (672 1072 384 ) (1024 1072 384 ) (1024 1072 816 ) (416 1072 512 ) 
4 36 143 (0 1072 384 ) (0 1024 384 ) (0 1024 1911 ) (0 1072 1911 ) 
4 36 117 (1024 1024 384 ) (1024 1024 1911 ) (0 1024 1911 ) (0 1024 384 ) 
4 36 61 (192 1024 384 ) (176 1024 384 ) (176 1072 384 ) (192 1072 384 ) 
4 36 62 (176 1024 384 ) (0 1024 384 ) (0 1072 384 ) (176 1072 384 ) 
4 36 54 (640 1024 384 ) (192 1024 384 ) (192 1072 384 ) (640 1072 384 ) 
4 36 39 (656 1024 384 ) (640 1024 384 ) (640 1072 384 ) (656 1072 384 ) 
4 36 37 (1024 1024 384 ) (656 1024 384 ) (656 1072 384 ) (1024 1072 384 ) 
4 37 117 (1024 1024 232 ) (1024 1024 384 ) (656 1024 384 ) (656 1024 232 ) 
4 37 40 (656 2048 232 ) (1024 2048 232 ) (1024 1024 232 ) (656 1024 232 ) 
4 37 38 (656 2048 232 ) (656 1664 232 ) (656 1664 384 ) (656 2048 384 ) 
4 37 39 (656 1088 232 ) (656 1024 232 ) (656 1024 384 ) (656 1088 384 ) 
4 38 44 (640 1664 384 ) (640 2048 384 ) (640 2048 232 ) (640 1664 232 ) 
4 38 41 (640 1664 232 ) (640 2048 232 ) (656 2048 232 ) (656 1664 232 ) 
4 39 117 (656 1024 384 ) (640 1024 384 ) (640 1024 232 ) (656 1024 232 ) 
4 39 54 (640 1024 232 ) (640 1024 384 ) (640 1088 384 ) (640 1088 232 ) 
4 39 43 (640 1024 232 ) (640 1088 232 ) (656 1088 232 ) (656 1024 232 ) 
4 40 117 (1024 1024 224 ) (1024 1024 232 ) (656 1024 232 ) (656 1024 224 ) 
4 40 71 (672 1664 224 ) (672 1024 224 ) (656 1024 224 ) (656 1664 224 ) 
4 40 69 (672 1680 224 ) (672 1664 224 ) (656 1664 224 ) (656 1680 224 ) 
4 40 68 (656 2048 224 ) (672 2048 224 ) (672 1680 224 ) (656 1680 224 ) 
4 40 66 (912 1664 224 ) (912 1520 224 ) (672 1520 224 ) (672 1664 224 ) 
4 40 65 (672 2048 224 ) (912 2048 224 ) (912 1664 224 ) (672 1664 224 ) 
4 40 67 (912 1520 224 ) (912 1024 224 ) (672 1024 224 ) (672 1520 224 ) 
4 40 64 (1024 1728 224 ) (1024 1024 224 ) (912 1024 224 ) (912 1728 224 ) 
4 40 63 (912 2048 224 ) (1024 2048 224 ) (1024 1728 224 ) (912 1728 224 ) 
4 40 42 (656 1624 224 ) (656 1560 224 ) (656 1560 232 ) (656 1624 232 ) 
4 40 43 (656 1104 224 ) (656 1024 224 ) (656 1024 232 ) (656 1104 232 ) 
4 40 41 (656 2048 224 ) (656 1664 224 ) (656 1664 232 ) (656 2048 232 ) 
4 41 75 (656 1680 224 ) (656 1664 224 ) (640 1664 224 ) (640 1680 224 ) 
4 41 74 (640 2048 224 ) (656 2048 224 ) (656 1680 224 ) (640 1680 224 ) 
4 41 44 (640 2048 224 ) (640 1664 224 ) (640 1664 232 ) (640 2048 232 ) 
4 42 79 (656 1624 224 ) (656 1560 224 ) (640 1560 224 ) (640 1624 224 ) 
4 42 45 (640 1624 224 ) (640 1560 224 ) (640 1560 232 ) (640 1624 232 ) 
4 43 117 (656 1024 232 ) (640 1024 232 ) (640 1024 224 ) (656 1024 224 ) 
4 43 83 (656 1088 224 ) (656 1024 224 ) (640 1024 224 ) (640 1088 224 ) 
4 43 54 (640 1088 224 ) (640 1024 224 ) (640 1024 232 ) (640 1088 232 ) 
4 44 75 (640 1680 224 ) (640 1664 224 ) (192 1664 224 ) (192 1680 224 ) 
4 44 74 (192 2048 224 ) (640 2048 224 ) (640 1680 224 ) (192 1680 224 ) 
4 44 55 (192 2048 224 ) (192 1664 224 ) (192 1664 384 ) (192 2048 384 ) 
4 45 81 (640 1552 224 ) (640 1312 224 ) (192 1312 224 ) (192 1552 224 ) 
4 45 80 (640 1624 224 ) (640 1552 224 ) (192 1552 224 ) (192 1624 224 ) 
4 45 78 (640 1632 224 ) (640 1624 224 ) (192 1624 224 ) (192 1632 224 ) 
4 45 77 (640 1648 224 ) (640 1632 224 ) (192 1632 224 ) (192 1648 224 ) 
4 45 48 (352 1312 224 ) (640 1312 224 ) (640 1312 352 ) (352 1312 352 ) 
4 45 47 (192 1312 384 ) (192 1312 376 ) (352 1312 376 ) (352 1312 384 ) 
4 45 46 (352 1312 352 ) (640 1312 352 ) (640 1312 384 ) (352 1312 384 ) 
4 46 49 (640 1104 352 ) (352 1104 352 ) (352 1136 352 ) (640 1136 352 ) 
4 46 48 (352 1136 352 ) (352 1312 352 ) (640 1312 352 ) (640 1136 352 ) 
4 46 47 (352 1312 384 ) (352 1312 376 ) (352 1104 376 ) (352 1104 384 ) 
4 48 81 (640 1312 224 ) (640 1136 224 ) (352 1136 224 ) (352 1312 224 ) 
4 48 49 (352 1136 224 ) (640 1136 224 ) (640 1136 352 ) (352 1136 352 ) 
4 49 81 (640 1136 224 ) (640 1104 224 ) (352 1104 224 ) (352 1136 224 ) 
4 50 58 (192 1264 240 ) (192 1264 352 ) (192 1296 352 ) (192 1296 240 ) 
4 50 51 (336 1264 240 ) (336 1264 352 ) (304 1264 352 ) (304 1264 240 ) 
4 50 52 (304 1264 352 ) (192 1264 352 ) (192 1264 240 ) (304 1264 240 ) 
4 51 53 (336 1168 240 ) (336 1168 352 ) (304 1168 352 ) (304 1168 240 ) 
4 51 52 (304 1264 352 ) (304 1264 240 ) (304 1168 240 ) (304 1168 352 ) 
4 52 81 (192 1168 224 ) (192 1264 224 ) (304 1264 224 ) (304 1168 224 ) 
4 52 58 (192 1168 240 ) (192 1168 352 ) (192 1264 352 ) (192 1264 240 ) 
4 52 53 (304 1168 352 ) (192 1168 352 ) (192 1168 240 ) (304 1168 240 ) 
4 53 58 (192 1136 240 ) (192 1136 352 ) (192 1168 352 ) (192 1168 240 ) 
4 54 117 (640 1024 384 ) (192 1024 384 ) (192 1024 224 ) (640 1024 224 ) 
4 54 83 (640 1088 224 ) (640 1024 224 ) (192 1024 224 ) (192 1088 224 ) 
4 54 61 (192 1088 224 ) (192 1024 224 ) (192 1024 384 ) (192 1088 384 ) 
4 55 75 (192 1680 224 ) (192 1664 224 ) (176 1664 224 ) (176 1680 224 ) 
4 55 74 (176 2048 224 ) (192 2048 224 ) (192 1680 224 ) (176 1680 224 ) 
4 55 56 (176 2048 224 ) (176 1664 224 ) (176 1664 384 ) (176 2048 384 ) 
4 56 137 (0 2048 384 ) (0 2048 224 ) (0 1648 224 ) (0 1648 384 ) 
4 56 86 (128 1680 224 ) (128 1648 224 ) (112 1648 224 ) (112 1680 224 ) 
4 56 85 (112 2048 224 ) (128 2048 224 ) (128 1680 224 ) (112 1680 224 ) 
4 56 87 (0 2048 224 ) (112 2048 224 ) (112 1648 224 ) (0 1648 224 ) 
4 56 82 (176 1664 224 ) (176 1648 224 ) (128 1648 224 ) (128 1664 224 ) 
4 56 75 (176 1680 224 ) (176 1664 224 ) (128 1664 224 ) (128 1680 224 ) 
4 56 74 (128 2048 224 ) (176 2048 224 ) (176 1680 224 ) (128 1680 224 ) 
4 56 57 (0 1648 224 ) (176 1648 224 ) (176 1648 384 ) (0 1648 384 ) 
4 57 137 (0 1648 224 ) (0 1296 224 ) (0 1296 384 ) (0 1648 384 ) 
4 57 86 (128 1296 224 ) (112 1296 224 ) (112 1648 224 ) (128 1648 224 ) 
4 57 87 (112 1296 224 ) (0 1296 224 ) (0 1648 224 ) (112 1648 224 ) 
4 57 82 (176 1296 224 ) (128 1296 224 ) (128 1648 224 ) (176 1648 224 ) 
4 57 59 (176 1296 240 ) (176 1296 384 ) (0 1296 384 ) (0 1296 240 ) 
4 58 59 (176 1296 368 ) (176 1296 240 ) (176 1136 240 ) (176 1136 368 ) 
4 59 141 (0 1136 240 ) (0 1136 384 ) (0 1296 384 ) (0 1296 240 ) 
4 59 60 (176 1136 384 ) (0 1136 384 ) (0 1136 240 ) (176 1136 240 ) 
4 60 143 (0 1136 224 ) (0 1104 224 ) (0 1104 384 ) (0 1136 384 ) 
4 60 86 (128 1104 224 ) (112 1104 224 ) (112 1136 224 ) (128 1136 224 ) 
4 60 87 (112 1104 224 ) (0 1104 224 ) (0 1136 224 ) (112 1136 224 ) 
4 60 82 (176 1104 224 ) (128 1104 224 ) (128 1136 224 ) (176 1136 224 ) 
4 60 62 (0 1104 224 ) (176 1104 224 ) (176 1104 384 ) (0 1104 384 ) 
4 61 117 (192 1024 384 ) (176 1024 384 ) (176 1024 224 ) (192 1024 224 ) 
4 61 83 (192 1088 224 ) (192 1024 224 ) (176 1024 224 ) (176 1088 224 ) 
4 61 62 (176 1088 224 ) (176 1024 224 ) (176 1024 384 ) (176 1088 384 ) 
4 62 143 (0 1104 224 ) (0 1024 224 ) (0 1024 384 ) (0 1104 384 ) 
4 62 117 (176 1024 384 ) (0 1024 384 ) (0 1024 224 ) (176 1024 224 ) 
4 62 86 (128 1024 224 ) (112 1024 224 ) (112 1104 224 ) (128 1104 224 ) 
4 62 87 (112 1024 224 ) (0 1024 224 ) (0 1104 224 ) (112 1104 224 ) 
4 62 84 (176 1024 224 ) (128 1024 224 ) (128 1104 224 ) (176 1104 224 ) 
4 63 89 (912 1728 32 ) (912 2048 32 ) (1024 2048 32 ) (1024 1728 32 ) 
4 63 65 (912 2048 32 ) (912 1728 32 ) (912 1728 224 ) (912 2048 224 ) 
4 63 64 (912 1728 224 ) (912 1728 64 ) (1024 1728 64 ) (1024 1728 224 ) 
4 64 119 (1024 1024 64 ) (1024 1024 160 ) (912 1024 160 ) (912 1024 64 ) 
4 64 118 (1024 1024 160 ) (1024 1024 192 ) (912 1024 192 ) (912 1024 160 ) 
4 64 117 (1024 1024 192 ) (1024 1024 224 ) (912 1024 224 ) (912 1024 192 ) 
4 64 66 (912 1520 224 ) (912 1664 224 ) (912 1664 64 ) (912 1520 64 ) 
4 64 65 (912 1664 224 ) (912 1728 224 ) (912 1728 64 ) (912 1664 64 ) 
4 64 67 (912 1024 64 ) (912 1024 224 ) (912 1520 224 ) (912 1520 64 ) 
4 65 90 (672 1664 32 ) (672 2048 32 ) (912 2048 32 ) (912 1664 32 ) 
4 65 69 (672 1664 192 ) (672 1664 224 ) (672 1680 224 ) (672 1680 192 ) 
4 65 70 (672 1680 32 ) (672 1664 32 ) (672 1664 64 ) (672 1680 64 ) 
4 65 68 (672 2048 32 ) (672 1680 32 ) (672 1680 224 ) (672 2048 224 ) 
4 65 66 (672 1664 224 ) (672 1664 64 ) (912 1664 64 ) (912 1664 224 ) 
4 66 72 (672 1552 192 ) (672 1632 192 ) (672 1632 160 ) (672 1552 160 ) 
4 66 71 (672 1520 192 ) (672 1520 224 ) (672 1664 224 ) (672 1664 192 ) 
4 66 67 (672 1520 224 ) (672 1520 64 ) (912 1520 64 ) (912 1520 224 ) 
4 67 132 (672 1024 64 ) (672 1024 32 ) (912 1024 32 ) (912 1024 64 ) 
4 67 119 (672 1024 160 ) (672 1024 64 ) (912 1024 64 ) (912 1024 160 ) 
4 67 118 (672 1024 192 ) (672 1024 160 ) (912 1024 160 ) (912 1024 192 ) 
4 67 117 (912 1024 224 ) (672 1024 224 ) (672 1024 192 ) (912 1024 192 ) 
4 67 91 (912 1024 32 ) (672 1024 32 ) (672 1520 32 ) (912 1520 32 ) 
4 67 73 (672 1520 32 ) (672 1024 32 ) (672 1024 64 ) (672 1520 64 ) 
4 67 71 (672 1024 192 ) (672 1024 224 ) (672 1520 224 ) (672 1520 192 ) 
4 68 92 (656 1680 32 ) (656 2048 32 ) (672 2048 32 ) (672 1680 32 ) 
4 68 74 (656 2048 32 ) (656 1680 32 ) (656 1680 224 ) (656 2048 224 ) 
4 68 69 (656 1680 224 ) (656 1680 192 ) (672 1680 192 ) (672 1680 224 ) 
4 68 70 (656 1680 64 ) (656 1680 32 ) (672 1680 32 ) (672 1680 64 ) 
4 69 75 (656 1664 192 ) (656 1664 224 ) (656 1680 224 ) (656 1680 192 ) 
4 69 71 (656 1664 224 ) (656 1664 192 ) (672 1664 192 ) (672 1664 224 ) 
4 70 92 (656 1664 32 ) (656 1680 32 ) (672 1680 32 ) (672 1664 32 ) 
4 70 76 (656 1680 32 ) (656 1664 32 ) (656 1664 64 ) (656 1680 64 ) 
4 70 73 (656 1664 64 ) (656 1664 32 ) (672 1664 32 ) (672 1664 64 ) 
4 71 117 (672 1024 224 ) (656 1024 224 ) (656 1024 192 ) (672 1024 192 ) 
4 71 83 (656 1024 192 ) (656 1024 224 ) (656 1088 224 ) (656 1088 192 ) 
4 71 79 (656 1560 224 ) (656 1624 224 ) (656 1624 192 ) (656 1560 192 ) 
4 71 72 (656 1552 192 ) (656 1632 192 ) (672 1632 192 ) (672 1552 192 ) 
4 72 79 (656 1560 192 ) (656 1624 192 ) (656 1624 160 ) (656 1560 160 ) 
4 73 132 (656 1024 64 ) (656 1024 32 ) (672 1024 32 ) (672 1024 64 ) 
4 73 92 (672 1024 32 ) (656 1024 32 ) (656 1664 32 ) (672 1664 32 ) 
4 73 83 (656 1088 32 ) (656 1024 32 ) (656 1024 64 ) (656 1088 64 ) 
4 74 103 (176 2048 32 ) (192 2048 32 ) (192 1680 32 ) (176 1680 32 ) 
4 74 93 (192 2048 32 ) (656 2048 32 ) (656 1680 32 ) (192 1680 32 ) 
4 74 105 (128 1680 32 ) (128 2048 32 ) (176 2048 32 ) (176 1680 32 ) 
4 74 88 (128 2048 32 ) (128 1680 32 ) (128 1680 48 ) (128 2048 48 ) 
4 74 85 (128 1680 64 ) (128 1680 224 ) (128 2048 224 ) (128 2048 64 ) 
4 74 75 (128 1680 224 ) (128 1680 192 ) (656 1680 192 ) (656 1680 224 ) 
4 74 76 (128 1680 64 ) (128 1680 32 ) (656 1680 32 ) (656 1680 64 ) 
4 75 86 (128 1664 192 ) (128 1664 224 ) (128 1680 224 ) (128 1680 192 ) 
4 75 82 (128 1664 224 ) (128 1664 192 ) (176 1664 192 ) (176 1664 224 ) 
4 76 103 (176 1680 32 ) (192 1680 32 ) (192 1664 32 ) (176 1664 32 ) 
4 76 93 (192 1680 32 ) (656 1680 32 ) (656 1664 32 ) (192 1664 32 ) 
4 76 105 (128 1664 32 ) (128 1680 32 ) (176 1680 32 ) (176 1664 32 ) 
4 76 88 (128 1680 32 ) (128 1664 32 ) (128 1664 48 ) (128 1680 48 ) 
4 76 82 (128 1664 64 ) (128 1664 32 ) (176 1664 32 ) (176 1664 64 ) 
4 77 94 (640 1632 32 ) (192 1632 32 ) (192 1648 32 ) (640 1648 32 ) 
5 77 78 (192 1632 224 ) (192 1632 32 ) (343.111115 1632 32 ) (640 1632 153.454559 ) (640 1632 224 ) 
4 78 95 (343.111115 1624 32 ) (192 1624 32 ) (192 1632 32 ) (343.111115 1632 32 ) 
5 78 80 (192 1624 224 ) (192 1624 32 ) (343.111115 1624 32 ) (640 1624 153.454559 ) (640 1624 224 ) 
4 79 80 (640 1624 224 ) (640 1624 153.454559 ) (640 1560 153.454559 ) (640 1560 224 ) 
4 80 96 (343.111115 1552 32 ) (192 1552 32 ) (192 1560 32 ) (343.111115 1560 32 ) 
4 80 95 (192 1560 32 ) (192 1624 32 ) (343.111115 1624 32 ) (343.111115 1560 32 ) 
5 80 81 (192 1552 224 ) (192 1552 32 ) (343.111115 1552 32 ) (640 1552 153.454559 ) (640 1552 224 ) 
4 81 101 (320 1104 32 ) (192 1104 32 ) (192 1120 32 ) (320 1120 32 ) 
4 81 100 (192 1136 32 ) (192 1296 32 ) (320 1296 32 ) (320 1136 32 ) 
4 81 99 (336 1104 32 ) (320 1104 32 ) (320 1120 32 ) (336 1120 32 ) 
4 81 98 (640 1104 32 ) (336 1104 32 ) (336 1312 32 ) (640 1312 32 ) 
4 81 97 (192 1312 32 ) (192 1552 32 ) (640 1552 32 ) (640 1312 32 ) 
4 82 105 (128 1104 32 ) (128 1664 32 ) (176 1664 32 ) (176 1104 32 ) 
4 82 88 (128 1664 32 ) (128 1104 32 ) (128 1104 48 ) (128 1664 48 ) 
4 82 86 (128 1104 192 ) (128 1104 224 ) (128 1664 224 ) (128 1664 192 ) 
4 82 84 (128 1104 224 ) (128 1104 32 ) (176 1104 32 ) (176 1104 224 ) 
4 83 134 (176 1024 64 ) (176 1024 32 ) (320 1024 32 ) (320 1024 64 ) 
4 83 132 (320 1024 32 ) (656 1024 32 ) (656 1024 64 ) (320 1024 64 ) 
4 83 122 (176 1024 192 ) (176 1024 64 ) (304 1024 64 ) (304 1024 192 ) 
4 83 121 (304 1024 64 ) (320 1024 64 ) (320 1024 192 ) (304 1024 192 ) 
4 83 120 (320 1024 64 ) (656 1024 64 ) (656 1024 192 ) (320 1024 192 ) 
4 83 117 (656 1024 224 ) (176 1024 224 ) (176 1024 192 ) (656 1024 192 ) 
4 83 104 (192 1024 32 ) (176 1024 32 ) (176 1088 32 ) (192 1088 32 ) 
4 83 102 (656 1024 32 ) (192 1024 32 ) (192 1088 32 ) (656 1088 32 ) 
4 83 84 (176 1088 32 ) (176 1024 32 ) (176 1024 224 ) (176 1088 224 ) 
4 84 134 (128 1024 64 ) (128 1024 32 ) (176 1024 32 ) (176 1024 64 ) 
4 84 122 (128 1024 192 ) (128 1024 64 ) (176 1024 64 ) (176 1024 192 ) 
4 84 117 (176 1024 224 ) (128 1024 224 ) (128 1024 192 ) (176 1024 192 ) 
4 84 105 (176 1024 32 ) (128 1024 32 ) (128 1104 32 ) (176 1104 32 ) 
4 84 88 (128 1104 32 ) (128 1024 32 ) (128 1024 48 ) (128 1104 48 ) 
4 84 86 (128 1024 192 ) (128 1024 224 ) (128 1104 224 ) (128 1104 192 ) 
4 85 86 (112 1680 224 ) (112 1680 192 ) (128 1680 192 ) (128 1680 224 ) 
4 85 87 (112 2048 64 ) (112 1680 64 ) (112 1680 224 ) (112 2048 224 ) 
4 86 117 (128 1024 224 ) (112 1024 224 ) (112 1024 192 ) (128 1024 192 ) 
4 86 87 (112 1024 192 ) (112 1024 224 ) (112 1680 224 ) (112 1680 192 ) 
4 87 150 (0 1279.891602 128 ) (0 1346.148926 128 ) (0 1346.148926 65 ) (0 1279.891602 65 ) 
4 87 148 (0 1024 65 ) (0 1024 128 ) (0 1279.891602 128 ) (0 1279.891602 65 ) 
4 87 151 (0 1346.148926 64 ) (0 1024 64 ) (0 1024 65 ) (0 1346.148926 65 ) 
4 87 146 (0 1819.984619 64 ) (0 1572.722900 64 ) (0 1572.722900 128 ) (0 1819.984619 128 ) 
4 87 145 (0 1572.722900 64 ) (0 1346.148926 64 ) (0 1346.148926 128 ) (0 1572.722900 128 ) 
4 87 144 (0 2048 128 ) (0 2048 64 ) (0 1819.984619 64 ) (0 1819.984619 128 ) 
4 87 142 (0 1296 128 ) (0 1136 128 ) (0 1136 224 ) (0 1296 224 ) 
4 87 143 (0 1136 128 ) (0 1024 128 ) (0 1024 224 ) (0 1136 224 ) 
4 87 137 (0 2048 224 ) (0 2048 128 ) (0 1296 128 ) (0 1296 224 ) 
4 87 125 (0 1024 192 ) (0 1024 64 ) (112 1024 64 ) (112 1024 192 ) 
4 87 117 (112 1024 224 ) (0 1024 224 ) (0 1024 192 ) (112 1024 192 ) 
4 88 152 (0 2048 48 ) (0 2048 32 ) (0 1024 32 ) (0 1024 48 ) 
4 88 135 (0 1024 48 ) (0 1024 32 ) (128 1024 32 ) (128 1024 48 ) 
4 88 105 (128 1024 32 ) (0 1024 32 ) (0 2048 32 ) (128 2048 32 ) 
4 89 106 (912 2048 16 ) (1024 2048 16 ) (1024 1728 16 ) (912 1728 16 ) 
4 89 90 (912 2048 16 ) (912 1728 16 ) (912 1728 32 ) (912 2048 32 ) 
4 90 106 (672 2048 16 ) (912 2048 16 ) (912 1664 16 ) (672 1664 16 ) 
4 90 92 (672 2048 16 ) (672 1664 16 ) (672 1664 32 ) (672 2048 32 ) 
4 91 132 (912 1024 32 ) (672 1024 32 ) (672 1024 16 ) (912 1024 16 ) 
4 91 106 (912 1520 16 ) (912 1024 16 ) (672 1024 16 ) (672 1520 16 ) 
4 91 92 (672 1520 16 ) (672 1024 16 ) (672 1024 32 ) (672 1520 32 ) 
4 92 132 (672 1024 32 ) (656 1024 32 ) (656 1024 16 ) (672 1024 16 ) 
4 92 106 (656 2048 16 ) (672 2048 16 ) (672 1024 16 ) (656 1024 16 ) 
4 92 102 (656 1088 16 ) (656 1024 16 ) (656 1024 32 ) (656 1088 32 ) 
4 92 93 (656 2048 16 ) (656 1664 16 ) (656 1664 32 ) (656 2048 32 ) 
4 93 107 (192 2048 16 ) (656 2048 16 ) (656 1664 16 ) (192 1664 16 ) 
4 93 103 (192 2048 16 ) (192 1664 16 ) (192 1664 32 ) (192 2048 32 ) 
4 94 95 (192 1632 32 ) (192 1632 16 ) (304 1632 16 ) (343.111115 1632 32 ) 
4 95 96 (192 1560 32 ) (192 1560 16 ) (304 1560 16 ) (343.111115 1560 32 ) 
4 96 97 (192 1552 32 ) (192 1552 16 ) (304 1552 16 ) (343.111115 1552 32 ) 
4 97 98 (336 1312 16 ) (640 1312 16 ) (640 1312 32 ) (336 1312 32 ) 
4 98 99 (336 1120 16 ) (336 1104 16 ) (336 1104 32 ) (336 1120 32 ) 
4 99 101 (320 1120 16 ) (320 1104 16 ) (320 1104 32 ) (320 1120 32 ) 
4 102 134 (320 1024 32 ) (192 1024 32 ) (192 1024 16 ) (320 1024 16 ) 
4 102 132 (656 1024 32 ) (320 1024 32 ) (320 1024 16 ) (656 1024 16 ) 
4 102 109 (656 1088 16 ) (656 1024 16 ) (192 1024 16 ) (192 1088 16 ) 
4 102 104 (192 1088 16 ) (192 1024 16 ) (192 1024 32 ) (192 1088 32 ) 
4 103 107 (176 2048 16 ) (192 2048 16 ) (192 1664 16 ) (176 1664 16 ) 
4 103 105 (176 2048 16 ) (176 1664 16 ) (176 1664 32 ) (176 2048 32 ) 
4 104 134 (192 1024 32 ) (176 1024 32 ) (176 1024 16 ) (192 1024 16 ) 
4 104 109 (192 1088 16 ) (192 1024 16 ) (176 1024 16 ) (176 1088 16 ) 
4 104 105 (176 1088 16 ) (176 1024 16 ) (176 1024 32 ) (176 1088 32 ) 
4 105 152 (0 2048 32 ) (0 2048 16 ) (0 1024 16 ) (0 1024 32 ) 
4 105 135 (128 1024 32 ) (0 1024 32 ) (0 1024 16 ) (128 1024 16 ) 
4 105 134 (176 1024 32 ) (128 1024 32 ) (128 1024 16 ) (176 1024 16 ) 
4 105 110 (0 2048 16 ) (176 2048 16 ) (176 1024 16 ) (0 1024 16 ) 
4 106 136 (1024 1024 -160 ) (1024 1024 0 ) (656 1024 0 ) (656 1024 -160 ) 
4 106 131 (1024 1024 0 ) (1024 1024 16 ) (912 1024 16 ) (912 1024 0 ) 
4 106 132 (912 1024 16 ) (656 1024 16 ) (656 1024 0 ) (912 1024 0 ) 
4 106 108 (656 1664 -160 ) (656 1088 -160 ) (656 1088 0 ) (656 1664 0 ) 
4 106 107 (656 2048 -160 ) (656 1664 -160 ) (656 1664 16 ) (656 2048 16 ) 
4 106 109 (656 1088 -160 ) (656 1024 -160 ) (656 1024 16 ) (656 1088 16 ) 
4 107 108 (176 1664 0 ) (176 1664 -160 ) (656 1664 -160 ) (656 1664 0 ) 
4 107 110 (176 2048 -160 ) (176 1664 -160 ) (176 1664 16 ) (176 2048 16 ) 
4 108 110 (176 1664 -160 ) (176 1088 -160 ) (176 1088 0 ) (176 1664 0 ) 
4 108 109 (176 1088 0 ) (176 1088 -160 ) (656 1088 -160 ) (656 1088 0 ) 
4 109 136 (176 1024 0 ) (176 1024 -160 ) (656 1024 -160 ) (656 1024 0 ) 
4 109 134 (320 1024 16 ) (176 1024 16 ) (176 1024 0 ) (320 1024 0 ) 
4 109 132 (656 1024 16 ) (320 1024 16 ) (320 1024 0 ) (656 1024 0 ) 
4 109 110 (176 1088 -160 ) (176 1024 -160 ) (176 1024 16 ) (176 1088 16 ) 
4 110 152 (0 2048 16 ) (0 2048 -160 ) (0 1024 -160 ) (0 1024 16 ) 
4 110 136 (0 1024 0 ) (0 1024 -160 ) (176 1024 -160 ) (176 1024 0 ) 
4 110 135 (128 1024 16 ) (0 1024 16 ) (0 1024 0 ) (128 1024 0 ) 
4 110 134 (176 1024 16 ) (128 1024 16 ) (128 1024 0 ) (176 1024 0 ) 
4 111 211 (2048 0 64 ) (2048 0 1911 ) (1024 0 1911 ) (1024 0 64 ) 
4 111 126 (1024 624 64 ) (1024 0 64 ) (1024 0 1911 ) (1024 624 1911 ) 
4 111 119 (1024 1024 160 ) (1024 1024 64 ) (1024 624 64 ) (1024 624 160 ) 
4 111 118 (1024 1024 192 ) (1024 1024 160 ) (1024 624 160 ) (1024 624 192 ) 
4 111 117 (1024 1024 1911 ) (1024 1024 192 ) (1024 624 192 ) (1024 624 1911 ) 
4 111 116 (1088 0 64 ) (1024 0 64 ) (1024 448 64 ) (1088 448 64 ) 
4 111 114 (2048 0 64 ) (1088 0 64 ) (1088 640 64 ) (2048 640 64 ) 
4 111 112 (1088 1024 64 ) (2048 1024 64 ) (2048 640 64 ) (1088 640 64 ) 
4 112 114 (2048 640 64 ) (1088 640 64 ) (1088 640 -160 ) (2048 640 -160 ) 
4 112 113 (1088 1024 -160 ) (1088 640 -160 ) (1088 640 16 ) (1088 1024 16 ) 
4 113 136 (1024 1024 0 ) (1024 1024 -160 ) (1024 640 -160 ) (1024 640 0 ) 
4 113 131 (1024 1024 16 ) (1024 1024 0 ) (1024 640 0 ) (1024 640 16 ) 
4 113 115 (1024 640 0 ) (1024 640 -160 ) (1088 640 -160 ) (1088 640 0 ) 
4 114 211 (2048 0 -160 ) (2048 0 64 ) (1088 0 64 ) (1088 0 -160 ) 
4 114 115 (1088 640 0 ) (1088 640 -160 ) (1088 448 -160 ) (1088 448 0 ) 
4 114 116 (1088 448 -160 ) (1088 0 -160 ) (1088 0 64 ) (1088 448 64 ) 
4 115 136 (1024 640 0 ) (1024 640 -160 ) (1024 448 -160 ) (1024 448 0 ) 
4 115 116 (1024 448 -160 ) (1088 448 -160 ) (1088 448 0 ) (1024 448 0 ) 
4 116 211 (1088 0 64 ) (1024 0 64 ) (1024 0 -160 ) (1088 0 -160 ) 
4 116 136 (1024 0 -160 ) (1024 0 0 ) (1024 448 0 ) (1024 448 -160 ) 
4 116 133 (1024 0 0 ) (1024 0 64 ) (1024 448 64 ) (1024 448 0 ) 
4 117 201 (0 832 192 ) (0 624 192 ) (0 624 320 ) (0 832 320 ) 
4 117 196 (0 1024 320 ) (0 1024 192 ) (0 832 192 ) (0 832 320 ) 
4 117 187 (0 848 320 ) (0 832 320 ) (0 832 1911 ) (0 848 1911 ) 
4 117 186 (0 1024 1911 ) (0 1024 320 ) (0 848 320 ) (0 848 1911 ) 
4 117 188 (0 832 320 ) (0 624 320 ) (0 624 1911 ) (0 832 1911 ) 
4 117 127 (304 624 192 ) (320 624 192 ) (320 624 1911 ) (304 624 1911 ) 
4 117 126 (320 624 192 ) (1024 624 192 ) (1024 624 1911 ) (320 624 1911 ) 
4 117 130 (0 624 1911 ) (0 624 192 ) (304 624 192 ) (304 624 1911 ) 
4 117 124 (128 624 192 ) (112 624 192 ) (112 816 192 ) (128 816 192 ) 
4 117 125 (112 624 192 ) (0 624 192 ) (0 1024 192 ) (112 1024 192 ) 
4 117 122 (128 832 192 ) (128 1024 192 ) (304 1024 192 ) (304 832 192 ) 
4 117 123 (304 624 192 ) (128 624 192 ) (128 816 192 ) (304 816 192 ) 
4 117 121 (304 832 192 ) (304 1024 192 ) (320 1024 192 ) (320 832 192 ) 
4 117 120 (320 640 192 ) (320 1024 192 ) (656 1024 192 ) (656 640 192 ) 
4 117 118 (1024 624 192 ) (672 624 192 ) (672 1024 192 ) (1024 1024 192 ) 
4 118 126 (1024 624 160 ) (1024 624 192 ) (672 624 192 ) (672 624 160 ) 
4 118 119 (1024 624 160 ) (672 624 160 ) (672 1024 160 ) (1024 1024 160 ) 
4 119 132 (912 640 64 ) (672 640 64 ) (672 1024 64 ) (912 1024 64 ) 
4 119 126 (672 624 64 ) (1024 624 64 ) (1024 624 160 ) (672 624 160 ) 
4 120 132 (320 640 64 ) (320 1024 64 ) (656 1024 64 ) (656 640 64 ) 
4 120 121 (320 1024 64 ) (320 832 64 ) (320 832 192 ) (320 1024 192 ) 
4 121 134 (304 832 64 ) (304 1024 64 ) (320 1024 64 ) (320 832 64 ) 
4 121 122 (304 1024 64 ) (304 832 64 ) (304 832 192 ) (304 1024 192 ) 
4 122 134 (128 832 64 ) (128 1024 64 ) (304 1024 64 ) (304 832 64 ) 
4 123 130 (128 624 64 ) (304 624 64 ) (304 624 192 ) (128 624 192 ) 
4 123 124 (128 816 64 ) (128 624 64 ) (128 624 192 ) (128 816 192 ) 
4 124 130 (112 624 64 ) (128 624 64 ) (128 624 192 ) (112 624 192 ) 
4 124 125 (112 816 64 ) (112 624 64 ) (112 624 192 ) (112 816 192 ) 
4 125 201 (0 832 64 ) (0 624 64 ) (0 624 192 ) (0 832 192 ) 
4 125 196 (0 1024 192 ) (0 1024 64 ) (0 832 64 ) (0 832 192 ) 
4 125 130 (0 624 192 ) (0 624 64 ) (112 624 64 ) (112 624 192 ) 
4 126 213 (1024 0 64 ) (1024 0 208 ) (320 0 208 ) (320 0 64 ) 
4 126 212 (1024 0 208 ) (1024 0 1911 ) (320 0 1911 ) (320 0 208 ) 
4 126 133 (1024 448 64 ) (1024 0 64 ) (320 0 64 ) (320 448 64 ) 
4 126 129 (320 448 224 ) (320 448 64 ) (320 0 64 ) (320 0 224 ) 
4 126 128 (320 0 1911 ) (320 448 1911 ) (320 448 224 ) (320 0 224 ) 
4 126 127 (320 448 1911 ) (320 624 1911 ) (320 624 64 ) (320 448 64 ) 
4 127 129 (304 448 224 ) (304 448 64 ) (320 448 64 ) (320 448 224 ) 
4 127 128 (304 448 1911 ) (304 448 224 ) (320 448 224 ) (320 448 1911 ) 
4 127 130 (304 448 1911 ) (304 624 1911 ) (304 624 64 ) (304 448 64 ) 
4 128 212 (320 0 1911 ) (304 0 1911 ) (304 0 224 ) (320 0 224 ) 
4 128 130 (304 0 1911 ) (304 448 1911 ) (304 448 224 ) (304 0 224 ) 
4 128 129 (304 0 224 ) (304 448 224 ) (320 448 224 ) (320 0 224 ) 
4 129 212 (304 0 224 ) (304 0 208 ) (320 0 208 ) (320 0 224 ) 
4 129 130 (304 448 224 ) (304 448 64 ) (304 0 64 ) (304 0 224 ) 
4 130 220 (0 0 224 ) (0 0 64 ) (128 0 64 ) (128 0 224 ) 
4 130 219 (128 0 1911 ) (0 0 1911 ) (0 0 224 ) (128 0 224 ) 
4 130 212 (304 0 1911 ) (128 0 1911 ) (128 0 208 ) (304 0 208 ) 
4 130 201 (0 0 64 ) (0 0 320 ) (0 624 320 ) (0 624 64 ) 
4 130 188 (0 0 320 ) (0 0 1911 ) (0 624 1911 ) (0 624 320 ) 
4 131 136 (912 1024 0 ) (1024 1024 0 ) (1024 640 0 ) (912 640 0 ) 
4 131 132 (912 1024 0 ) (912 640 0 ) (912 640 16 ) (912 1024 16 ) 
4 132 136 (320 640 0 ) (320 1024 0 ) (912 1024 0 ) (912 640 0 ) 
4 132 134 (320 1024 0 ) (320 832 0 ) (320 832 64 ) (320 1024 64 ) 
4 133 213 (1024 0 0 ) (1024 0 64 ) (320 0 64 ) (320 0 0 ) 
4 133 136 (1024 0 0 ) (320 0 0 ) (320 448 0 ) (1024 448 0 ) 
4 134 136 (128 1024 0 ) (320 1024 0 ) (320 832 0 ) (128 832 0 ) 
4 134 135 (128 1024 0 ) (128 832 0 ) (128 832 48 ) (128 1024 48 ) 
4 135 197 (0 1024 48 ) (0 1024 0 ) (0 832 0 ) (0 832 48 ) 
4 135 136 (0 832 0 ) (0 1024 0 ) (128 1024 0 ) (128 832 0 ) 
4 136 224 (128 0 0 ) (0 0 0 ) (0 0 -160 ) (128 0 -160 ) 
4 136 214 (320 0 0 ) (128 0 0 ) (128 0 -160 ) (320 0 -160 ) 
4 136 213 (1024 0 -160 ) (1024 0 0 ) (320 0 0 ) (320 0 -160 ) 
4 136 202 (0 0 -160 ) (0 0 0 ) (0 832 0 ) (0 832 -160 ) 
4 136 197 (0 832 0 ) (0 1024 0 ) (0 1024 -160 ) (0 832 -160 ) 
4 137 150 (0 1346.148926 128 ) (0 1296 128 ) (-48 1296 128 ) (-48 1359.006958 128 ) 
5 137 146 (0 1819.984619 128 ) (0 1572.722900 128 ) (-40 1423.439941 128 ) (-48 1425.583008 128 ) (-48 1640.850342 128 ) 
4 137 145 (0 1572.722900 128 ) (0 1346.148926 128 ) (-48 1359.006958 128 ) (-48 1393.583374 128 ) 
4 137 144 (-48 2048 128 ) (0 2048 128 ) (0 1819.984619 128 ) (-48 1640.850342 128 ) 
4 137 141 (0 1296 240 ) (0 1296 1911 ) (-48 1296 1911 ) (-48 1296 240 ) 
4 137 142 (-48 1296 128 ) (0 1296 128 ) (0 1296 224 ) (-48 1296 224 ) 
4 137 139 (-48 1296 192 ) (-48 1296 1911 ) (-48 1360 1911 ) (-48 1360 192 ) 
4 137 138 (-48 2048 128 ) (-48 1360 128 ) (-48 1360 1911 ) (-48 2048 1911 ) 
3 138 149 (-112 1373.895142 128 ) (-112 1376.151123 128 ) (-111.436020 1376 128 ) 
4 138 147 (-56.564487 1361.619995 128 ) (-56.644199 1361.322510 128 ) (-112 1376.151123 128 ) (-112 1376.469849 128 ) 
3 138 146 (-48 1640.850464 128 ) (-48 1425.583008 128 ) (-101.818985 1440 128 ) 
4 138 145 (-48 1393.583374 128 ) (-48 1360 128 ) (-51.707096 1360 128 ) (-56.644199 1361.322510 128 ) 
4 138 144 (-112 2048 128 ) (-48 2048 128 ) (-48 1640.850464 128 ) (-112 1402.004883 128 ) 
4 138 139 (-112 1360 1911 ) (-112 1360 192 ) (-48 1360 192 ) (-48 1360 1911 ) 
4 138 140 (-112 2048 128 ) (-112 1360 128 ) (-112 1360 1911 ) (-112 2048 1911 ) 
4 139 141 (-48 1296 240 ) (-48 1296 1911 ) (-112 1296 1911 ) (-112 1296 240 ) 
4 139 142 (-48 1296 192 ) (-48 1296 224 ) (-112 1296 224 ) (-112 1296 192 ) 
4 139 140 (-112 1296 192 ) (-112 1296 1911 ) (-112 1360 1911 ) (-112 1360 192 ) 
4 140 164 (-128 1296 384 ) (-128 1296 1911 ) (-128 1312 1911 ) (-128 1312 384 ) 
4 140 160 (-128 1800 128 ) (-128 1648 128 ) (-128 1648 224 ) (-128 1800 224 ) 
4 140 159 (-128 2048 224 ) (-128 2048 128 ) (-128 1808 128 ) (-128 1808 224 ) 
4 140 157 (-128 1312 320 ) (-128 1312 1911 ) (-128 1640 1911 ) (-128 1640 320 ) 
4 140 156 (-128 2048 240 ) (-128 2048 224 ) (-128 1808 224 ) (-128 1808 240 ) 
4 140 154 (-128 2048 320 ) (-128 2048 240 ) (-128 1808 240 ) (-128 1808 320 ) 
4 140 153 (-128 2048 1911 ) (-128 2048 320 ) (-128 1640 320 ) (-128 1640 1911 ) 
4 140 149 (-128 1314.180054 128 ) (-128 1380.437134 128 ) (-112 1376.151123 128 ) (-112 1373.895142 128 ) 
4 140 148 (-128 1296 128 ) (-128 1314.180054 128 ) (-112 1309.893921 128 ) (-112 1296 128 ) 
4 140 147 (-112 1376.469849 128 ) (-112 1376.151123 128 ) (-118.463707 1377.882568 128 ) (-118.383995 1378.180054 128 ) 
5 140 144 (-128 1380.437134 128 ) (-128 2048 128 ) (-112 2048 128 ) (-112 1402.004883 128 ) (-118.463707 1377.882568 128 ) 
4 140 141 (-128 1296 1911 ) (-128 1296 240 ) (-112 1296 240 ) (-112 1296 1911 ) 
4 140 142 (-128 1296 224 ) (-128 1296 128 ) (-112 1296 128 ) (-112 1296 224 ) 
4 141 167 (-128 1296 368 ) (-128 1296 240 ) (-128 1136 240 ) (-128 1136 368 ) 
4 141 166 (-128 1136 1911 ) (-128 1296 1911 ) (-128 1296 384 ) (-128 1136 384 ) 
4 141 143 (0 1136 240 ) (0 1136 1911 ) (-128 1136 1911 ) (-128 1136 240 ) 
3 142 150 (-60.133224 1296 128 ) (0 1296 128 ) (0 1279.891602 128 ) 
5 142 148 (-128 1136 128 ) (-128 1296 128 ) (-60.133224 1296 128 ) (0 1279.891602 128 ) (0 1136 128 ) 
4 142 143 (-128 1136 128 ) (0 1136 128 ) (0 1136 224 ) (-128 1136 224 ) 
4 143 196 (0 1024 128 ) (0 1024 320 ) (-128 1024 320 ) (-128 1024 128 ) 
4 143 186 (0 1024 320 ) (0 1024 1911 ) (-128 1024 1911 ) (-128 1024 320 ) 
4 143 173 (-128 1024 320 ) (-128 1024 1911 ) (-128 1120 1911 ) (-128 1120 320 ) 
4 143 172 (-128 1120 1911 ) (-128 1136 1911 ) (-128 1136 384 ) (-128 1120 384 ) 
4 143 148 (-128 1024 128 ) (-128 1136 128 ) (0 1136 128 ) (0 1024 128 ) 
4 144 160 (-128 1648 128 ) (-128 1800 128 ) (-128 1800 64 ) (-128 1648 64 ) 
4 144 159 (-128 1808 128 ) (-128 2048 128 ) (-128 2048 64 ) (-128 1808 64 ) 
4 144 149 (-118.463638 1377.882935 65 ) (-118.463615 1377.883057 128 ) (-128 1380.437500 128 ) (-128 1380.437500 65 ) 
4 144 151 (-128 1380.437500 64 ) (-118.463638 1377.882935 64 ) (-118.463638 1377.882935 65 ) (-128 1380.437500 65 ) 
4 144 147 (-118.462891 1377.884766 128 ) (-118.462891 1377.884766 64 ) (-118.383774 1378.180054 64 ) (-118.383774 1378.180054 128 ) 
4 144 146 (-101.818764 1440 64 ) (0 1819.983643 64 ) (0 1819.988281 128 ) (-101.818932 1440 128 ) 
4 145 150 (0 1346.149292 65 ) (0 1346.150391 128 ) (-49.616013 1359.440918 128 ) (-49.616203 1359.440308 65 ) 
4 145 151 (-56.644115 1361.322876 64 ) (0 1346.149292 64 ) (0 1346.149292 65 ) (-56.644112 1361.322876 65 ) 
4 145 147 (-56.563911 1361.619751 64 ) (-56.642578 1361.326172 64 ) (-56.642578 1361.326172 128 ) (-56.563908 1361.619751 128 ) 
4 145 146 (0 1572.722656 64 ) (-40 1423.439819 64 ) (-40 1423.439819 128 ) (0 1572.720459 128 ) 
4 147 149 (-111.435867 1376 128 ) (-118.463615 1377.883057 128 ) (-118.463638 1377.882935 65 ) (-111.435936 1376 65 ) 
4 147 151 (-118.463638 1377.882935 64 ) (-56.644115 1361.322876 64 ) (-56.644112 1361.322876 65 ) (-118.463638 1377.882935 65 ) 
4 148 196 (0 1024 65 ) (0 1024 128 ) (-128 1024 128 ) (-128 1024 65 ) 
4 148 150 (0 1279.890625 65 ) (-66.180855 1297.619385 65 ) (-66.180786 1297.619629 128 ) (0 1279.891235 128 ) 
4 148 151 (-128 1024 65 ) (-128 1314.180054 65 ) (0 1279.891602 65 ) (0 1024 65 ) 
3 149 151 (-128 1314.180054 65 ) (-128 1380.437500 65 ) (-111.435905 1376 65 ) 
4 150 151 (-49.616188 1359.440308 65 ) (0 1346.149292 65 ) (0 1279.891602 65 ) (-66.180695 1297.619995 65 ) 
4 151 196 (0 1024 64 ) (0 1024 65 ) (-128 1024 65 ) (-128 1024 64 ) 
4 152 197 (0 1024 -160 ) (0 1024 48 ) (-128 1024 48 ) (-128 1024 -160 ) 
4 152 175 (-128 1024 -160 ) (-128 1024 48 ) (-128 1136 48 ) (-128 1136 -160 ) 
4 152 171 (-128 1136 48 ) (-128 1296 48 ) (-128 1296 -160 ) (-128 1136 -160 ) 
4 152 165 (-128 1296 48 ) (-128 2048 48 ) (-128 2048 -160 ) (-128 1296 -160 ) 
4 153 176 (-512 2048 1911 ) (-512 2048 320 ) (-512 1640 320 ) (-512 1640 1911 ) 
4 153 157 (-136 1640 320 ) (-128 1640 320 ) (-128 1640 1911 ) (-136 1640 1911 ) 
4 153 158 (-512 1640 1911 ) (-512 1640 320 ) (-136 1640 320 ) (-136 1640 1911 ) 
4 153 154 (-136 1808 320 ) (-136 2048 320 ) (-128 2048 320 ) (-128 1808 320 ) 
4 153 155 (-136 1640 320 ) (-512 1640 320 ) (-512 2048 320 ) (-136 2048 320 ) 
4 154 156 (-136 1808 240 ) (-136 2048 240 ) (-128 2048 240 ) (-128 1808 240 ) 
4 154 155 (-136 2048 240 ) (-136 1808 240 ) (-136 1808 320 ) (-136 2048 320 ) 
4 155 176 (-512 2048 320 ) (-512 2048 240 ) (-512 1640 240 ) (-512 1640 320 ) 
4 155 158 (-512 1640 320 ) (-512 1640 240 ) (-136 1640 240 ) (-136 1640 320 ) 
4 155 156 (-512 1808 240 ) (-512 2048 240 ) (-136 2048 240 ) (-136 1808 240 ) 
4 156 177 (-512 2048 240 ) (-512 2048 224 ) (-512 1808 224 ) (-512 1808 240 ) 
4 156 159 (-512 1808 224 ) (-512 2048 224 ) (-128 2048 224 ) (-128 1808 224 ) 
4 157 164 (-128 1312 384 ) (-128 1312 1911 ) (-136 1312 1911 ) (-136 1312 384 ) 
4 157 158 (-136 1312 1911 ) (-136 1640 1911 ) (-136 1640 320 ) (-136 1312 320 ) 
4 158 176 (-512 1312 240 ) (-512 1312 1911 ) (-512 1640 1911 ) (-512 1640 240 ) 
4 158 164 (-512 1312 1911 ) (-512 1312 384 ) (-136 1312 384 ) (-136 1312 1911 ) 
4 158 161 (-136 1312 224 ) (-496 1312 224 ) (-496 1640 224 ) (-136 1640 224 ) 
4 159 181 (-512 2048 224 ) (-512 2048 48 ) (-512 1808 48 ) (-512 1808 224 ) 
4 159 165 (-512 1808 48 ) (-512 2048 48 ) (-128 2048 48 ) (-128 1808 48 ) 
4 160 182 (-512 1648 64 ) (-512 1648 224 ) (-512 1800 224 ) (-512 1800 64 ) 
4 161 162 (-480 1312 128 ) (-496 1312 128 ) (-496 1640 128 ) (-480 1640 128 ) 
4 162 165 (-480 1312 48 ) (-496 1312 48 ) (-496 1640 48 ) (-480 1640 48 ) 
4 162 163 (-496 1640 48 ) (-496 1312 48 ) (-496 1312 64 ) (-496 1640 64 ) 
4 163 165 (-512 1312 48 ) (-512 1648 48 ) (-496 1648 48 ) (-496 1312 48 ) 
4 164 176 (-512 1296 384 ) (-512 1296 1911 ) (-512 1312 1911 ) (-512 1312 384 ) 
4 164 169 (-512 1296 1911 ) (-512 1296 384 ) (-496 1296 384 ) (-496 1296 1911 ) 
4 164 166 (-496 1296 384 ) (-128 1296 384 ) (-128 1296 1911 ) (-496 1296 1911 ) 
4 165 184 (-512 1808 -160 ) (-512 1296 -160 ) (-512 1296 48 ) (-512 1808 48 ) 
4 165 181 (-512 2048 48 ) (-512 2048 -160 ) (-512 1808 -160 ) (-512 1808 48 ) 
4 165 171 (-512 1296 48 ) (-512 1296 -160 ) (-128 1296 -160 ) (-128 1296 48 ) 
4 166 172 (-128 1136 384 ) (-128 1136 1911 ) (-496 1136 1911 ) (-496 1136 384 ) 
4 166 169 (-496 1296 1911 ) (-496 1296 384 ) (-496 1136 384 ) (-496 1136 1911 ) 
4 167 168 (-144 1136 240 ) (-144 1136 368 ) (-144 1296 368 ) (-144 1296 240 ) 
4 168 170 (-496 1248 64 ) (-496 1184 64 ) (-496 1184 176 ) (-496 1248 176 ) 
4 169 176 (-512 1136 384 ) (-512 1136 1911 ) (-512 1296 1911 ) (-512 1296 384 ) 
4 169 172 (-512 1136 1911 ) (-512 1136 384 ) (-496 1136 384 ) (-496 1136 1911 ) 
4 170 182 (-512 1248 176 ) (-512 1248 64 ) (-512 1184 64 ) (-512 1184 176 ) 
4 171 184 (-512 1136 -160 ) (-512 1136 48 ) (-512 1296 48 ) (-512 1296 -160 ) 
4 171 175 (-512 1136 48 ) (-512 1136 -160 ) (-128 1136 -160 ) (-128 1136 48 ) 
4 172 176 (-512 1136 1911 ) (-512 1136 384 ) (-512 1120 384 ) (-512 1120 1911 ) 
4 172 173 (-144 1120 384 ) (-128 1120 384 ) (-128 1120 1911 ) (-144 1120 1911 ) 
4 172 174 (-512 1120 1911 ) (-512 1120 384 ) (-144 1120 384 ) (-144 1120 1911 ) 
4 173 186 (-128 1024 320 ) (-128 1024 1911 ) (-144 1024 1911 ) (-144 1024 320 ) 
4 173 174 (-144 1024 1911 ) (-144 1120 1911 ) (-144 1120 320 ) (-144 1024 320 ) 
4 174 198 (-512 1024 320 ) (-512 1024 48 ) (-144 1024 48 ) (-144 1024 320 ) 
4 174 186 (-144 1024 1911 ) (-512 1024 1911 ) (-512 1024 320 ) (-144 1024 320 ) 
4 174 176 (-512 1024 240 ) (-512 1024 1911 ) (-512 1120 1911 ) (-512 1120 240 ) 
4 174 175 (-512 1024 48 ) (-512 1120 48 ) (-144 1120 48 ) (-144 1024 48 ) 
4 175 200 (-128 1024 -160 ) (-128 1024 48 ) (-512 1024 48 ) (-512 1024 -160 ) 
4 175 184 (-512 1024 -160 ) (-512 1024 48 ) (-512 1136 48 ) (-512 1136 -160 ) 
4 176 199 (-512 1024 240 ) (-512 1024 320 ) (-528 1024 320 ) (-528 1024 240 ) 
4 176 192 (-512 1024 320 ) (-512 1024 384 ) (-528 1024 384 ) (-528 1024 320 ) 
4 176 189 (-512 1024 384 ) (-512 1024 1911 ) (-528 1024 1911 ) (-528 1024 384 ) 
4 176 179 (-528 1808 240 ) (-528 1024 240 ) (-528 1024 1911 ) (-528 1808 1911 ) 
4 176 178 (-528 2048 1911 ) (-528 2048 240 ) (-528 1808 240 ) (-528 1808 1911 ) 
4 176 177 (-528 1808 240 ) (-528 2048 240 ) (-512 2048 240 ) (-512 1808 240 ) 
4 177 181 (-528 2048 224 ) (-512 2048 224 ) (-512 1808 224 ) (-528 1808 224 ) 
4 177 178 (-528 2048 240 ) (-528 2048 224 ) (-528 1808 224 ) (-528 1808 240 ) 
4 178 181 (-688 2048 224 ) (-528 2048 224 ) (-528 1808 224 ) (-688 1808 224 ) 
4 178 180 (-688 2048 224 ) (-688 1808 224 ) (-688 1808 1911 ) (-688 2048 1911 ) 
4 178 179 (-528 1808 240 ) (-528 1808 1911 ) (-688 1808 1911 ) (-688 1808 240 ) 
4 179 206 (-688 1024 448 ) (-688 1024 240 ) (-528 1024 240 ) (-528 1024 448 ) 
4 179 205 (-688 1024 1911 ) (-688 1024 448 ) (-528 1024 448 ) (-528 1024 1911 ) 
4 179 180 (-688 1024 240 ) (-688 1024 1911 ) (-688 1808 1911 ) (-688 1808 240 ) 
4 180 210 (-808 1024 1911 ) (-808 1024 224 ) (-688 1024 224 ) (-688 1024 1911 ) 
4 180 185 (-808 2048 224 ) (-688 2048 224 ) (-688 1024 224 ) (-808 1024 224 ) 
4 181 185 (-688 1808 224 ) (-688 2048 224 ) (-688 2048 -160 ) (-688 1808 -160 ) 
4 181 184 (-688 1808 48 ) (-688 1808 -160 ) (-512 1808 -160 ) (-512 1808 48 ) 
4 182 183 (-528 1800 224 ) (-528 1800 64 ) (-528 1120 64 ) (-528 1120 224 ) 
4 183 208 (-528 1024 224 ) (-672 1024 224 ) (-672 1024 64 ) (-528 1024 64 ) 
4 184 209 (-528 1024 48 ) (-688 1024 48 ) (-688 1024 -160 ) (-528 1024 -160 ) 
4 184 200 (-512 1024 -160 ) (-512 1024 48 ) (-528 1024 48 ) (-528 1024 -160 ) 
4 184 185 (-688 1808 48 ) (-688 1808 -160 ) (-688 1024 -160 ) (-688 1024 48 ) 
4 185 210 (-688 1024 -160 ) (-688 1024 224 ) (-808 1024 224 ) (-808 1024 -160 ) 
4 186 198 (-512 848 320 ) (-512 1024 320 ) (-144 1024 320 ) (-144 848 320 ) 
4 186 196 (-128 1024 320 ) (0 1024 320 ) (0 848 320 ) (-128 848 320 ) 
4 186 192 (-512 1024 320 ) (-512 848 320 ) (-512 848 384 ) (-512 1024 384 ) 
4 186 189 (-512 848 384 ) (-512 848 1911 ) (-512 1024 1911 ) (-512 1024 384 ) 
5 186 187 (0 848 1911 ) (-512 848 1911 ) (-512 848 435.212402 ) (-367.984375 848 320 ) (0 848 320 ) 
4 187 196 (-128 848 320 ) (0 848 320 ) (0 832 320 ) (-128 832 320 ) 
4 187 190 (-512 832 435.212494 ) (-512 832 1911 ) (-512 848 1911 ) (-512 848 435.212402 ) 
5 187 188 (0 832 1911 ) (-512 832 1911 ) (-512 832 435.212402 ) (-367.984375 832 320 ) (0 832 320 ) 
4 188 228 (-128 0 1911 ) (-512 0 1911 ) (-512 0 320 ) (-128 0 320 ) 
4 188 226 (0 0 320 ) (0 0 1911 ) (-128 0 1911 ) (-128 0 320 ) 
4 188 201 (0 0 320 ) (-512 0 320 ) (-512 832 320 ) (0 832 320 ) 
4 188 195 (-512 240 320 ) (-512 112 320 ) (-512 112 384 ) (-512 240 384 ) 
4 188 194 (-512 512 320 ) (-512 384 320 ) (-512 384 384 ) (-512 512 384 ) 
4 188 193 (-512 736 320 ) (-512 640 320 ) (-512 640 384 ) (-512 736 384 ) 
4 188 191 (-512 0 448 ) (-512 0 1911 ) (-512 832 1911 ) (-512 832 448 ) 
4 189 206 (-528 1024 448 ) (-528 1024 384 ) (-528 848 384 ) (-528 848 448 ) 
4 189 205 (-528 1024 1911 ) (-528 1024 448 ) (-528 848 448 ) (-528 848 1911 ) 
4 189 192 (-528 848 384 ) (-528 1024 384 ) (-512 1024 384 ) (-512 848 384 ) 
4 189 190 (-512 848 435.212494 ) (-512 848 1911 ) (-528 848 1911 ) (-528 848 448.012451 ) 
4 190 205 (-528 832 448.012482 ) (-528 832 1911 ) (-528 848 1911 ) (-528 848 448.012451 ) 
5 190 191 (-528 832 1911 ) (-528 832 448.012451 ) (-527.984436 832 448 ) (-512 832 448 ) (-512 832 1911 ) 
4 191 229 (-528 0 1911 ) (-528 0 448 ) (-512 0 448 ) (-512 0 1911 ) 
4 191 205 (-528 0 448 ) (-528 0 1911 ) (-528 832 1911 ) (-528 832 448 ) 
4 192 206 (-528 848 384 ) (-528 1024 384 ) (-528 1024 320 ) (-528 848 320 ) 
4 192 199 (-528 848 320 ) (-528 1024 320 ) (-512 1024 320 ) (-512 848 320 ) 
4 193 207 (-528 640 384 ) (-528 736 384 ) (-528 736 320 ) (-528 640 320 ) 
4 194 207 (-528 384 384 ) (-528 512 384 ) (-528 512 320 ) (-528 384 320 ) 
4 195 207 (-528 112 384 ) (-528 240 384 ) (-528 240 320 ) (-528 112 320 ) 
4 196 201 (0 832 64 ) (0 832 320 ) (-128 832 320 ) (-128 832 64 ) 
4 197 202 (0 832 -160 ) (0 832 0 ) (-128 832 0 ) (-128 832 -160 ) 
4 197 200 (-128 832 -160 ) (-128 832 48 ) (-128 1024 48 ) (-128 1024 -160 ) 
4 198 200 (-144 848 48 ) (-512 848 48 ) (-512 1024 48 ) (-144 1024 48 ) 
4 198 199 (-512 848 240 ) (-512 848 320 ) (-512 1024 320 ) (-512 1024 240 ) 
4 199 206 (-528 848 320 ) (-528 1024 320 ) (-528 1024 240 ) (-528 848 240 ) 
4 200 209 (-528 832 -160 ) (-528 832 48 ) (-528 1024 48 ) (-528 1024 -160 ) 
4 200 204 (-528 832 48 ) (-528 832 -160 ) (-512 832 -160 ) (-512 832 48 ) 
4 200 202 (-512 832 -160 ) (-128 832 -160 ) (-128 832 0 ) (-512 832 0 ) 
4 201 228 (-128 0 320 ) (-512 0 320 ) (-384 0 208 ) (-128 0 208 ) 
4 201 227 (0 0 64 ) (0 0 224 ) (-128 0 224 ) (-128 0 64 ) 
4 201 226 (0 0 224 ) (0 0 320 ) (-128 0 320 ) (-128 0 224 ) 
4 201 203 (-512 80 64 ) (-512 0 64 ) (-512 0 160 ) (-512 80 160 ) 
4 202 242 (-128 0 0 ) (-512 0 0 ) (-512 0 -160 ) (-128 0 -160 ) 
4 202 238 (0 0 -160 ) (0 0 0 ) (-128 0 0 ) (-128 0 -160 ) 
4 202 204 (-512 832 0 ) (-512 832 -160 ) (-512 0 -160 ) (-512 0 0 ) 
4 203 208 (-528 0 64 ) (-528 0 160 ) (-528 80 160 ) (-528 80 64 ) 
4 204 242 (-512 0 -160 ) (-512 0 48 ) (-528 0 48 ) (-528 0 -160 ) 
4 204 209 (-528 0 -160 ) (-528 0 48 ) (-528 832 48 ) (-528 832 -160 ) 
4 205 229 (-528 0 448 ) (-528 0 1911 ) (-688 0 1911 ) (-688 0 448 ) 
4 205 210 (-688 1024 1911 ) (-688 1024 448 ) (-688 0 448 ) (-688 0 1911 ) 
4 205 206 (-688 848 448 ) (-688 1024 448 ) (-528 1024 448 ) (-528 848 448 ) 
4 206 210 (-688 1024 448 ) (-688 1024 240 ) (-688 848 240 ) (-688 848 448 ) 
4 209 242 (-528 0 -160 ) (-528 0 48 ) (-688 0 48 ) (-688 0 -160 ) 
4 209 210 (-688 1024 48 ) (-688 1024 -160 ) (-688 0 -160 ) (-688 0 48 ) 
4 210 243 (-688 0 -160 ) (-688 0 64 ) (-808 0 64 ) (-808 0 -160 ) 
4 210 232 (-688 0 64 ) (-688 0 1911 ) (-808 0 1911 ) (-808 0 64 ) 
4 211 218 (1024 -704 -160 ) (1024 -760 -160 ) (1024 -760 1911 ) (1024 -704 1911 ) 
4 211 216 (1024 -16 -160 ) (1024 -704 -160 ) (1024 -704 208 ) (1024 -16 208 ) 
4 211 215 (1024 -704 208 ) (1024 -704 1911 ) (1024 -16 1911 ) (1024 -16 208 ) 
4 211 213 (1024 0 208 ) (1024 0 -160 ) (1024 -16 -160 ) (1024 -16 208 ) 
4 211 212 (1024 0 1911 ) (1024 0 208 ) (1024 -16 208 ) (1024 -16 1911 ) 
4 212 220 (128 -16 208 ) (128 -16 224 ) (128 0 224 ) (128 0 208 ) 
4 212 219 (128 -16 224 ) (128 -16 1911 ) (128 0 1911 ) (128 0 224 ) 
4 212 215 (128 -16 1911 ) (128 -16 208 ) (1024 -16 208 ) (1024 -16 1911 ) 
4 212 213 (1024 -16 208 ) (320 -16 208 ) (320 0 208 ) (1024 0 208 ) 
4 213 216 (320 -16 -160 ) (1024 -16 -160 ) (1024 -16 208 ) (320 -16 208 ) 
4 213 214 (320 0 -160 ) (320 -16 -160 ) (320 -16 64 ) (320 0 64 ) 
4 214 224 (128 -16 -160 ) (128 -16 0 ) (128 0 0 ) (128 0 -160 ) 
4 214 217 (128 -16 64 ) (128 -16 -160 ) (144 -16 -160 ) (144 -16 64 ) 
4 214 216 (144 -16 -160 ) (320 -16 -160 ) (320 -16 64 ) (144 -16 64 ) 
4 215 222 (128 -704 208 ) (128 -704 1911 ) (128 -696 1911 ) (128 -696 208 ) 
4 215 221 (128 -696 1911 ) (128 -16 1911 ) (128 -16 208 ) (128 -696 208 ) 
4 215 218 (128 -704 1911 ) (128 -704 208 ) (1024 -704 208 ) (1024 -704 1911 ) 
4 215 216 (1024 -704 208 ) (144 -704 208 ) (144 -16 208 ) (1024 -16 208 ) 
4 216 218 (144 -704 -160 ) (1024 -704 -160 ) (1024 -704 208 ) (144 -704 208 ) 
4 216 217 (144 -16 -160 ) (144 -704 -160 ) (144 -704 64 ) (144 -16 64 ) 
4 217 224 (128 -704 -160 ) (128 -704 0 ) (128 -16 0 ) (128 -16 -160 ) 
4 217 218 (128 -704 64 ) (128 -704 -160 ) (144 -704 -160 ) (144 -704 64 ) 
4 218 225 (128 -704 64 ) (128 -704 -160 ) (128 -760 -160 ) (128 -760 64 ) 
4 218 223 (128 -760 1911 ) (128 -704 1911 ) (128 -704 64 ) (128 -760 64 ) 
4 219 226 (0 0 1911 ) (0 0 224 ) (0 -16 224 ) (0 -16 1911 ) 
4 219 221 (128 -16 224 ) (128 -16 1911 ) (0 -16 1911 ) (0 -16 224 ) 
4 219 220 (128 -16 224 ) (0 -16 224 ) (0 0 224 ) (128 0 224 ) 
4 220 227 (0 0 224 ) (0 0 64 ) (0 -16 64 ) (0 -16 224 ) 
4 220 221 (0 -16 64 ) (128 -16 64 ) (128 -16 224 ) (0 -16 224 ) 
4 221 233 (0 -16 64 ) (0 -696 64 ) (0 -696 1911 ) (0 -16 1911 ) 
4 221 222 (0 -696 1911 ) (0 -696 208 ) (128 -696 208 ) (128 -696 1911 ) 
4 222 234 (0 -704 208 ) (0 -704 1911 ) (0 -696 1911 ) (0 -696 208 ) 
4 222 223 (128 -704 208 ) (128 -704 1911 ) (0 -704 1911 ) (0 -704 208 ) 
4 223 237 (0 -704 64 ) (0 -760 64 ) (0 -760 1911 ) (0 -704 1911 ) 
4 223 225 (0 -760 64 ) (0 -704 64 ) (128 -704 64 ) (128 -760 64 ) 
4 224 238 (0 0 0 ) (0 0 -160 ) (0 -704 -160 ) (0 -704 0 ) 
4 224 225 (0 -704 -160 ) (128 -704 -160 ) (128 -704 0 ) (0 -704 0 ) 
4 225 239 (0 -704 -160 ) (0 -760 -160 ) (0 -760 64 ) (0 -704 64 ) 
4 226 233 (0 -16 224 ) (0 -16 1911 ) (-128 -16 1911 ) (-128 -16 224 ) 
4 226 228 (-128 0 1911 ) (-128 0 224 ) (-128 -16 224 ) (-128 -16 1911 ) 
4 226 227 (0 -16 224 ) (-128 -16 224 ) (-128 0 224 ) (0 0 224 ) 
4 227 233 (-128 -16 64 ) (0 -16 64 ) (0 -16 224 ) (-128 -16 224 ) 
4 227 228 (-128 0 224 ) (-128 0 208 ) (-128 -16 208 ) (-128 -16 224 ) 
5 228 236 (-144 -16 1911 ) (-512 -16 1911 ) (-512 -16 320 ) (-384 -16 208 ) (-144 -16 208 ) 
4 228 235 (-128 -16 208 ) (-128 -16 1911 ) (-144 -16 1911 ) (-144 -16 208 ) 
4 228 229 (-512 -16 448 ) (-512 -16 1911 ) (-512 0 1911 ) (-512 0 448 ) 
4 229 236 (-512 -16 448 ) (-512 -16 1911 ) (-688 -16 1911 ) (-688 -16 448 ) 
4 229 232 (-688 0 1911 ) (-688 0 448 ) (-688 -16 448 ) (-688 -16 1911 ) 
4 230 236 (-512 -16 224 ) (-512 -16 240 ) (-528 -16 240 ) (-528 -16 224 ) 
4 230 231 (-528 0 224 ) (-512 0 224 ) (-512 -16 224 ) (-528 -16 224 ) 
4 231 236 (-512 -16 160 ) (-512 -16 224 ) (-528 -16 224 ) (-528 -16 160 ) 
4 232 243 (-808 0 64 ) (-688 0 64 ) (-688 -16 64 ) (-808 -16 64 ) 
4 232 236 (-808 -16 64 ) (-688 -16 64 ) (-688 -16 1911 ) (-808 -16 1911 ) 
4 233 235 (-128 -16 1911 ) (-128 -16 208 ) (-128 -696 208 ) (-128 -696 1911 ) 
4 233 234 (-128 -696 1911 ) (-128 -696 208 ) (0 -696 208 ) (0 -696 1911 ) 
4 234 237 (0 -704 208 ) (0 -704 1911 ) (-128 -704 1911 ) (-128 -704 208 ) 
4 234 235 (-128 -704 208 ) (-128 -704 1911 ) (-128 -696 1911 ) (-128 -696 208 ) 
4 235 237 (-128 -704 208 ) (-128 -704 1911 ) (-144 -704 1911 ) (-144 -704 208 ) 
4 235 236 (-144 -16 1911 ) (-144 -16 208 ) (-144 -704 208 ) (-144 -704 1911 ) 
4 236 243 (-808 -16 64 ) (-688 -16 64 ) (-688 -704 64 ) (-808 -704 64 ) 
4 236 241 (-512 -32 64 ) (-512 -704 64 ) (-688 -704 64 ) (-688 -32 64 ) 
4 236 240 (-512 -16 64 ) (-144 -16 64 ) (-144 -704 64 ) (-512 -704 64 ) 
4 236 237 (-808 -704 64 ) (-144 -704 64 ) (-144 -704 1911 ) (-808 -704 1911 ) 
4 237 243 (-808 -704 64 ) (-688 -704 64 ) (-688 -760 64 ) (-808 -760 64 ) 
4 237 241 (-688 -704 64 ) (-512 -704 64 ) (-512 -760 64 ) (-688 -760 64 ) 
4 237 240 (-512 -704 64 ) (-128 -704 64 ) (-128 -760 64 ) (-512 -760 64 ) 
4 237 239 (-128 -704 64 ) (0 -704 64 ) (0 -760 64 ) (-128 -760 64 ) 
4 238 242 (-128 0 0 ) (-128 0 -160 ) (-128 -704 -160 ) (-128 -704 0 ) 
4 238 239 (-128 -704 0 ) (-128 -704 -160 ) (0 -704 -160 ) (0 -704 0 ) 
4 239 242 (-128 -704 48 ) (-128 -704 -160 ) (-128 -760 -160 ) (-128 -760 48 ) 
4 239 240 (-128 -760 64 ) (-128 -704 64 ) (-128 -704 48 ) (-128 -760 48 ) 
4 240 242 (-128 -760 48 ) (-512 -760 48 ) (-512 0 48 ) (-128 0 48 ) 
4 240 241 (-512 -32 48 ) (-512 -760 48 ) (-512 -760 64 ) (-512 -32 64 ) 
4 241 243 (-688 -760 48 ) (-688 -760 64 ) (-688 -32 64 ) (-688 -32 48 ) 
4 241 242 (-512 -760 48 ) (-688 -760 48 ) (-688 -32 48 ) (-512 -32 48 ) 
4 242 243 (-688 -760 -160 ) (-688 -760 48 ) (-688 0 48 ) (-688 0 -160 ) 
